# JRE version: 7.0_13-b20
# Java VM: Java HotSpot(TM) 64-Bit Server VM (23.7-b01 mixed mode windows-amd64 compressed oops)
Heap
 PSYoungGen      total 192064K, used 115923K [0x00000000eaab0000, 0x00000000f85a0000, 0x0000000100000000)
  eden space 163648K, 70% used [0x00000000eaab0000,0x00000000f1be4d88,0x00000000f4a80000)
  from space 28416K, 0% used [0x00000000f69e0000,0x00000000f69e0000,0x00000000f85a0000)
  to   space 30272K, 0% used [0x00000000f4a80000,0x00000000f4a80000,0x00000000f6810000)
 ParOldGen       total 103040K, used 59534K [0x00000000c0000000, 0x00000000c64a0000, 0x00000000eaab0000)
  object space 103040K, 57% used [0x00000000c0000000,0x00000000c3a23880,0x00000000c64a0000)
 PSPermGen       total 74880K, used 73766K [0x00000000b0000000, 0x00000000b4920000, 0x00000000c0000000)
  object space 74880K, 98% used [0x00000000b0000000,0x00000000b4809b90,0x00000000b4920000)
GC Heap History (10 events):
Event: 33232.952 GC heap before
{Heap before GC invocations=142 (full 48):
 PSYoungGen      total 173056K, used 171136K [0x00000000eaab0000, 0x00000000f8fd0000, 0x0000000100000000)
  eden space 171136K, 100% used [0x00000000eaab0000,0x00000000f51d0000,0x00000000f51d0000)
  from space 1920K, 0% used [0x00000000f51d0000,0x00000000f51d0000,0x00000000f53b0000)
  to   space 31744K, 0% used [0x00000000f70d0000,0x00000000f70d0000,0x00000000f8fd0000)
 ParOldGen       total 103040K, used 48641K [0x00000000c0000000, 0x00000000c64a0000, 0x00000000eaab0000)
  object space 103040K, 47% used [0x00000000c0000000,0x00000000c2f805c8,0x00000000c64a0000)
 PSPermGen       total 73664K, used 73435K [0x00000000b0000000, 0x00000000b47f0000, 0x00000000c0000000)
  object space 73664K, 99% used [0x00000000b0000000,0x00000000b47b6c70,0x00000000b47f0000)
Event: 33233.114 GC heap after
Heap after GC invocations=142 (full 48):
 PSYoungGen      total 192512K, used 20446K [0x00000000eaab0000, 0x00000000f8d00000, 0x0000000100000000)
  eden space 163648K, 0% used [0x00000000eaab0000,0x00000000eaab0000,0x00000000f4a80000)
  from space 28864K, 70% used [0x00000000f70d0000,0x00000000f84c7a10,0x00000000f8d00000)
  to   space 34048K, 0% used [0x00000000f4a80000,0x00000000f4a80000,0x00000000f6bc0000)
 ParOldGen       total 103040K, used 48641K [0x00000000c0000000, 0x00000000c64a0000, 0x00000000eaab0000)
  object space 103040K, 47% used [0x00000000c0000000,0x00000000c2f805c8,0x00000000c64a0000)
 PSPermGen       total 73664K, used 73435K [0x00000000b0000000, 0x00000000b47f0000, 0x00000000c0000000)
  object space 73664K, 99% used [0x00000000b0000000,0x00000000b47b6c70,0x00000000b47f0000)
}
Event: 33239.284 GC heap before
{Heap before GC invocations=143 (full 48):
 PSYoungGen      total 192512K, used 32382K [0x00000000eaab0000, 0x00000000f8d00000, 0x0000000100000000)
  eden space 163648K, 7% used [0x00000000eaab0000,0x00000000eb658128,0x00000000f4a80000)
  from space 28864K, 70% used [0x00000000f70d0000,0x00000000f84c7a10,0x00000000f8d00000)
  to   space 34048K, 0% used [0x00000000f4a80000,0x00000000f4a80000,0x00000000f6bc0000)
 ParOldGen       total 103040K, used 48641K [0x00000000c0000000, 0x00000000c64a0000, 0x00000000eaab0000)
  object space 103040K, 47% used [0x00000000c0000000,0x00000000c2f805c8,0x00000000c64a0000)
 PSPermGen       total 73664K, used 73462K [0x00000000b0000000, 0x00000000b47f0000, 0x00000000c0000000)
  object space 73664K, 99% used [0x00000000b0000000,0x00000000b47bdb38,0x00000000b47f0000)
Event: 33239.299 GC heap after
Heap after GC invocations=143 (full 48):
 PSYoungGen      total 169024K, used 5376K [0x00000000eaab0000, 0x00000000f8940000, 0x0000000100000000)
  eden space 163648K, 0% used [0x00000000eaab0000,0x00000000eaab0000,0x00000000f4a80000)
  from space 5376K, 100% used [0x00000000f4a80000,0x00000000f4fc0000,0x00000000f4fc0000)
  to   space 32128K, 0% used [0x00000000f69e0000,0x00000000f69e0000,0x00000000f8940000)
 ParOldGen       total 103040K, used 48641K [0x00000000c0000000, 0x00000000c64a0000, 0x00000000eaab0000)
  object space 103040K, 47% used [0x00000000c0000000,0x00000000c2f805c8,0x00000000c64a0000)
 PSPermGen       total 73664K, used 73462K [0x00000000b0000000, 0x00000000b47f0000, 0x00000000c0000000)
  object space 73664K, 99% used [0x00000000b0000000,0x00000000b47bdb38,0x00000000b47f0000)
}
Event: 33239.299 GC heap before
{Heap before GC invocations=144 (full 49):
 PSYoungGen      total 169024K, used 5376K [0x00000000eaab0000, 0x00000000f8940000, 0x0000000100000000)
  eden space 163648K, 0% used [0x00000000eaab0000,0x00000000eaab0000,0x00000000f4a80000)
  from space 5376K, 100% used [0x00000000f4a80000,0x00000000f4fc0000,0x00000000f4fc0000)
  to   space 32128K, 0% used [0x00000000f69e0000,0x00000000f69e0000,0x00000000f8940000)
 ParOldGen       total 103040K, used 48641K [0x00000000c0000000, 0x00000000c64a0000, 0x00000000eaab0000)
  object space 103040K, 47% used [0x00000000c0000000,0x00000000c2f805c8,0x00000000c64a0000)
 PSPermGen       total 73664K, used 73462K [0x00000000b0000000, 0x00000000b47f0000, 0x00000000c0000000)
  object space 73664K, 99% used [0x00000000b0000000,0x00000000b47bdb38,0x00000000b47f0000)
Event: 33239.949 GC heap after
Heap after GC invocations=144 (full 49):
 PSYoungGen      total 169024K, used 0K [0x00000000eaab0000, 0x00000000f8940000, 0x0000000100000000)
  eden space 163648K, 0% used [0x00000000eaab0000,0x00000000eaab0000,0x00000000f4a80000)
  from space 5376K, 0% used [0x00000000f4a80000,0x00000000f4a80000,0x00000000f4fc0000)
  to   space 32128K, 0% used [0x00000000f69e0000,0x00000000f69e0000,0x00000000f8940000)
 ParOldGen       total 103040K, used 50209K [0x00000000c0000000, 0x00000000c64a0000, 0x00000000eaab0000)
  object space 103040K, 48% used [0x00000000c0000000,0x00000000c3108680,0x00000000c64a0000)
 PSPermGen       total 74688K, used 72785K [0x00000000b0000000, 0x00000000b48f0000, 0x00000000c0000000)
  object space 74688K, 97% used [0x00000000b0000000,0x00000000b47145d0,0x00000000b48f0000)
}
Event: 33454.679 GC heap before
{Heap before GC invocations=145 (full 49):
 PSYoungGen      total 169024K, used 135520K [0x00000000eaab0000, 0x00000000f8940000, 0x0000000100000000)
  eden space 163648K, 82% used [0x00000000eaab0000,0x00000000f2f08158,0x00000000f4a80000)
  from space 5376K, 0% used [0x00000000f4a80000,0x00000000f4a80000,0x00000000f4fc0000)
  to   space 32128K, 0% used [0x00000000f69e0000,0x00000000f69e0000,0x00000000f8940000)
 ParOldGen       total 103040K, used 50209K [0x00000000c0000000, 0x00000000c64a0000, 0x00000000eaab0000)
  object space 103040K, 48% used [0x00000000c0000000,0x00000000c3108680,0x00000000c64a0000)
 PSPermGen       total 74688K, used 73349K [0x00000000b0000000, 0x00000000b48f0000, 0x00000000c0000000)
  object space 74688K, 98% used [0x00000000b0000000,0x00000000b47a1510,0x00000000b48f0000)
Event: 33454.723 GC heap after
Heap after GC invocations=145 (full 49):
 PSYoungGen      total 192064K, used 9904K [0x00000000eaab0000, 0x00000000f85a0000, 0x0000000100000000)
  eden space 163648K, 0% used [0x00000000eaab0000,0x00000000eaab0000,0x00000000f4a80000)
  from space 28416K, 34% used [0x00000000f69e0000,0x00000000f738c030,0x00000000f85a0000)
  to   space 30272K, 0% used [0x00000000f4a80000,0x00000000f4a80000,0x00000000f6810000)
 ParOldGen       total 103040K, used 50209K [0x00000000c0000000, 0x00000000c64a0000, 0x00000000eaab0000)
  object space 103040K, 48% used [0x00000000c0000000,0x00000000c3108680,0x00000000c64a0000)
 PSPermGen       total 74688K, used 73349K [0x00000000b0000000, 0x00000000b48f0000, 0x00000000c0000000)
  object space 74688K, 98% used [0x00000000b0000000,0x00000000b47a1510,0x00000000b48f0000)
}
Event: 33454.723 GC heap before
{Heap before GC invocations=146 (full 50):
 PSYoungGen      total 192064K, used 9904K [0x00000000eaab0000, 0x00000000f85a0000, 0x0000000100000000)
  eden space 163648K, 0% used [0x00000000eaab0000,0x00000000eaab0000,0x00000000f4a80000)
  from space 28416K, 34% used [0x00000000f69e0000,0x00000000f738c030,0x00000000f85a0000)
  to   space 30272K, 0% used [0x00000000f4a80000,0x00000000f4a80000,0x00000000f6810000)
 ParOldGen       total 103040K, used 50209K [0x00000000c0000000, 0x00000000c64a0000, 0x00000000eaab0000)
  object space 103040K, 48% used [0x00000000c0000000,0x00000000c3108680,0x00000000c64a0000)
 PSPermGen       total 74688K, used 73349K [0x00000000b0000000, 0x00000000b48f0000, 0x00000000c0000000)
  object space 74688K, 98% used [0x00000000b0000000,0x00000000b47a1510,0x00000000b48f0000)
Event: 33455.276 GC heap after
Heap after GC invocations=146 (full 50):
 PSYoungGen      total 192064K, used 0K [0x00000000eaab0000, 0x00000000f85a0000, 0x0000000100000000)
  eden space 163648K, 0% used [0x00000000eaab0000,0x00000000eaab0000,0x00000000f4a80000)
  from space 28416K, 0% used [0x00000000f69e0000,0x00000000f69e0000,0x00000000f85a0000)
  to   space 30272K, 0% used [0x00000000f4a80000,0x00000000f4a80000,0x00000000f6810000)
 ParOldGen       total 103040K, used 59534K [0x00000000c0000000, 0x00000000c64a0000, 0x00000000eaab0000)
  object space 103040K, 57% used [0x00000000c0000000,0x00000000c3a23880,0x00000000c64a0000)
 PSPermGen       total 74880K, used 73349K [0x00000000b0000000, 0x00000000b4920000, 0x00000000c0000000)
  object space 74880K, 97% used [0x00000000b0000000,0x00000000b47a1490,0x00000000b4920000)
}

